{
  message: '🛢   Database is connected successfully',
  level: 'info',
  label: 'PING',
  timestamp: '2024-03-26T10:08:33.478Z'
}
{
  message: 'Application  listening on port 5173',
  level: 'info',
  label: 'PING',
  timestamp: '2024-03-26T10:08:33.488Z'
}
{
  message: '🛢   Database is connected successfully',
  level: 'info',
  label: 'PING',
  timestamp: '2024-03-26T10:08:37.814Z'
}
{
  message: 'Application  listening on port 5173',
  level: 'info',
  label: 'PING',
  timestamp: '2024-03-26T10:08:37.827Z'
}
{
  message: '🛢   Database is connected successfully',
  level: 'info',
  label: 'PING',
  timestamp: '2024-03-26T10:09:10.200Z'
}
{
  message: 'Application  listening on port 5173',
  level: 'info',
  label: 'PING',
  timestamp: '2024-03-26T10:09:10.213Z'
}
{
  message: '🛢   Database is connected successfully',
  level: 'info',
  label: 'PING',
  timestamp: '2024-03-26T10:09:32.072Z'
}
{
  message: 'Application  listening on port 5173',
  level: 'info',
  label: 'PING',
  timestamp: '2024-03-26T10:09:32.079Z'
}
{
  message: '🛢   Database is connected successfully',
  level: 'info',
  label: 'PING',
  timestamp: '2024-03-26T10:09:45.210Z'
}
{
  message: 'Application  listening on port 5173',
  level: 'info',
  label: 'PING',
  timestamp: '2024-03-26T10:09:45.223Z'
}
{
  message: '🛢   Database is connected successfully',
  level: 'info',
  label: 'PING',
  timestamp: '2024-03-26T10:11:03.715Z'
}
{
  message: 'Application  listening on port 5173',
  level: 'info',
  label: 'PING',
  timestamp: '2024-03-26T10:11:03.724Z'
}
{
  message: '🛢   Database is connected successfully',
  level: 'info',
  label: 'PING',
  timestamp: '2024-03-26T10:11:23.451Z'
}
{
  message: 'Application  listening on port 5173',
  level: 'info',
  label: 'PING',
  timestamp: '2024-03-26T10:11:23.459Z'
}
{
  message: '🛢   Database is connected successfully',
  level: 'info',
  label: 'PING',
  timestamp: '2024-03-26T10:11:26.192Z'
}
{
  message: 'Application  listening on port 5173',
  level: 'info',
  label: 'PING',
  timestamp: '2024-03-26T10:11:26.224Z'
}
{
  message: '🛢   Database is connected successfully',
  level: 'info',
  label: 'PING',
  timestamp: '2024-03-26T10:11:37.612Z'
}
{
  message: 'Application  listening on port 5173',
  level: 'info',
  label: 'PING',
  timestamp: '2024-03-26T10:11:37.627Z'
}
{
  message: '🛢   Database is connected successfully',
  level: 'info',
  label: 'PING',
  timestamp: '2024-03-26T10:11:47.562Z'
}
{
  message: 'Application  listening on port 5173',
  level: 'info',
  label: 'PING',
  timestamp: '2024-03-26T10:11:47.576Z'
}
{
  message: '🛢   Database is connected successfully',
  level: 'info',
  label: 'PING',
  timestamp: '2024-03-26T10:13:19.933Z'
}
{
  message: 'Application  listening on port 5173',
  level: 'info',
  label: 'PING',
  timestamp: '2024-03-26T10:13:19.939Z'
}
{
  message: '🛢   Database is connected successfully',
  level: 'info',
  label: 'PING',
  timestamp: '2024-03-26T10:13:25.179Z'
}
{
  message: 'Application  listening on port 5173',
  level: 'info',
  label: 'PING',
  timestamp: '2024-03-26T10:13:25.196Z'
}
{
  message: '🛢   Database is connected successfully',
  level: 'info',
  label: 'PING',
  timestamp: '2024-03-26T10:14:09.380Z'
}
{
  message: 'Application  listening on port 5173',
  level: 'info',
  label: 'PING',
  timestamp: '2024-03-26T10:14:09.403Z'
}
{
  message: '🛢   Database is connected successfully',
  level: 'info',
  label: 'PING',
  timestamp: '2024-03-26T10:14:47.308Z'
}
{
  message: 'Application  listening on port 5173',
  level: 'info',
  label: 'PING',
  timestamp: '2024-03-26T10:14:47.315Z'
}
{
  message: '🛢   Database is connected successfully',
  level: 'info',
  label: 'PING',
  timestamp: '2024-03-26T10:14:54.822Z'
}
{
  message: 'Application  listening on port 5173',
  level: 'info',
  label: 'PING',
  timestamp: '2024-03-26T10:14:54.836Z'
}
{
  message: '🛢   Database is connected successfully',
  level: 'info',
  label: 'PING',
  timestamp: '2024-03-26T10:14:59.351Z'
}
{
  message: 'Application  listening on port 5173',
  level: 'info',
  label: 'PING',
  timestamp: '2024-03-26T10:14:59.372Z'
}
{
  message: '🛢   Database is connected successfully',
  level: 'info',
  label: 'PING',
  timestamp: '2024-03-26T10:15:01.201Z'
}
{
  message: 'Application  listening on port 5173',
  level: 'info',
  label: 'PING',
  timestamp: '2024-03-26T10:15:01.227Z'
}
{
  message: '🛢   Database is connected successfully',
  level: 'info',
  label: 'PING',
  timestamp: '2024-03-26T10:15:14.582Z'
}
{
  message: 'Application  listening on port 5173',
  level: 'info',
  label: 'PING',
  timestamp: '2024-03-26T10:15:14.588Z'
}
{
  message: '🛢   Database is connected successfully',
  level: 'info',
  label: 'PING',
  timestamp: '2024-03-26T10:15:29.356Z'
}
{
  message: 'Application  listening on port 5173',
  level: 'info',
  label: 'PING',
  timestamp: '2024-03-26T10:15:29.371Z'
}
{
  message: '🛢   Database is connected successfully',
  level: 'info',
  label: 'PING',
  timestamp: '2024-03-26T10:15:34.394Z'
}
{
  message: 'Application  listening on port 5173',
  level: 'info',
  label: 'PING',
  timestamp: '2024-03-26T10:15:34.407Z'
}
{
  message: '🛢   Database is connected successfully',
  level: 'info',
  label: 'PING',
  timestamp: '2024-03-26T10:15:45.965Z'
}
{
  message: 'Application  listening on port 5173',
  level: 'info',
  label: 'PING',
  timestamp: '2024-03-26T10:15:45.978Z'
}
{
  message: '🛢   Database is connected successfully',
  level: 'info',
  label: 'PING',
  timestamp: '2024-03-26T10:16:03.372Z'
}
{
  message: 'Application  listening on port 5173',
  level: 'info',
  label: 'PING',
  timestamp: '2024-03-26T10:16:03.400Z'
}
{
  message: '🛢   Database is connected successfully',
  level: 'info',
  label: 'PING',
  timestamp: '2024-03-26T10:16:07.100Z'
}
{
  message: 'Application  listening on port 5173',
  level: 'info',
  label: 'PING',
  timestamp: '2024-03-26T10:16:07.121Z'
}
{
  message: '🛢   Database is connected successfully',
  level: 'info',
  label: 'PING',
  timestamp: '2024-03-26T10:16:27.220Z'
}
{
  message: 'Application  listening on port 5173',
  level: 'info',
  label: 'PING',
  timestamp: '2024-03-26T10:16:27.229Z'
}
{
  message: '🛢   Database is connected successfully',
  level: 'info',
  label: 'PING',
  timestamp: '2024-03-26T10:16:31.349Z'
}
{
  message: 'Application  listening on port 5173',
  level: 'info',
  label: 'PING',
  timestamp: '2024-03-26T10:16:31.375Z'
}
{
  message: '🛢   Database is connected successfully',
  level: 'info',
  label: 'PING',
  timestamp: '2024-03-26T10:16:44.194Z'
}
{
  message: 'Application  listening on port 5173',
  level: 'info',
  label: 'PING',
  timestamp: '2024-03-26T10:16:44.201Z'
}
{
  message: '🛢   Database is connected successfully',
  level: 'info',
  label: 'PING',
  timestamp: '2024-03-26T10:16:51.226Z'
}
{
  message: 'Application  listening on port 5173',
  level: 'info',
  label: 'PING',
  timestamp: '2024-03-26T10:16:51.252Z'
}
{
  message: '🛢   Database is connected successfully',
  level: 'info',
  label: 'PING',
  timestamp: '2024-03-26T10:16:55.587Z'
}
{
  message: 'Application  listening on port 5173',
  level: 'info',
  label: 'PING',
  timestamp: '2024-03-26T10:16:55.608Z'
}
{
  message: '🛢   Database is connected successfully',
  level: 'info',
  label: 'PING'
}
{
  message: 'Application  listening on port 5173',
  level: 'info',
  label: 'PING'
}
{ message: '🛢   Database is connected successfully', level: 'info' }
{ message: 'Application  listening on port 5173', level: 'info' }
{ message: '🛢   Database is connected successfully', level: 'info' }
{ message: 'Application  listening on port 5173', level: 'info' }
{
  message: '🛢   Database is connected successfully',
  level: 'info',
  label: 'PING'
}
{
  message: 'Application  listening on port 5173',
  level: 'info',
  label: 'PING'
}
{
  message: '🛢   Database is connected successfully',
  level: 'info',
  label: 'PING',
  timestamp: '2024-03-26T10:18:37.128Z'
}
{
  message: 'Application  listening on port 5173',
  level: 'info',
  label: 'PING',
  timestamp: '2024-03-26T10:18:37.151Z'
}
{ message: '🛢   Database is connected successfully', level: 'info' }
{ message: 'Application  listening on port 5173', level: 'info' }
{
  message: '🛢   Database is connected successfully',
  level: 'info',
  label: 'PING',
  timestamp: '2024-03-26T10:21:59.004Z'
}
{
  message: 'Application  listening on port 5173',
  level: 'info',
  label: 'PING',
  timestamp: '2024-03-26T10:21:59.037Z'
}
undefined
undefined
undefined
undefined
undefined
undefined
undefined
undefined
undefined
undefined
undefined
undefined
undefined
undefined
undefined
undefined
undefined
undefined
undefined
undefined
undefined
undefined
undefined
undefined
undefined
undefined
undefined
undefined
undefined
undefined
undefined
undefined
undefined
undefined
undefined
undefined
undefined
undefined
undefined
undefined
undefined
undefined
