{
  message: '🛢   Database is connected successfully',
  level: 'info',
  label: 'PING',
  timestamp: '2024-03-21T09:34:55.411Z'
}
{
  message: 'Application  listening on port 5173',
  level: 'info',
  label: 'PING',
  timestamp: '2024-03-21T09:34:55.425Z'
}
{
  message: '🛢   Database is connected successfully',
  level: 'info',
  label: 'PING',
  timestamp: '2024-03-21T09:37:29.342Z'
}
{
  message: '🛢   Database is connected successfully',
  level: 'info',
  label: 'PING',
  timestamp: '2024-03-21T09:37:36.843Z'
}
{
  message: 'Application  listening on port 5173',
  level: 'info',
  label: 'PING',
  timestamp: '2024-03-21T09:37:36.857Z'
}
{
  message: '🛢   Database is connected successfully',
  level: 'info',
  label: 'PING',
  timestamp: '2024-03-21T09:37:38.999Z'
}
{
  message: 'Application  listening on port 5173',
  level: 'info',
  label: 'PING',
  timestamp: '2024-03-21T09:37:39.012Z'
}
{
  message: '🛢   Database is connected successfully',
  level: 'info',
  label: 'PING',
  timestamp: '2024-03-21T09:37:44.578Z'
}
{
  message: '🛢   Database is connected successfully',
  level: 'info',
  label: 'PING',
  timestamp: '2024-03-21T09:37:49.406Z'
}
{
  message: 'Application  listening on port 5173',
  level: 'info',
  label: 'PING',
  timestamp: '2024-03-21T09:37:49.419Z'
}
{
  message: '🛢   Database is connected successfully',
  level: 'info',
  label: 'PING',
  timestamp: '2024-03-21T09:37:52.469Z'
}
{
  message: 'Application  listening on port 5173',
  level: 'info',
  label: 'PING',
  timestamp: '2024-03-21T09:37:52.477Z'
}
{
  message: '🛢   Database is connected successfully',
  level: 'info',
  label: 'PING',
  timestamp: '2024-03-21T09:37:55.439Z'
}
{
  message: '🛢   Database is connected successfully',
  level: 'info',
  label: 'PING',
  timestamp: '2024-03-21T09:38:01.100Z'
}
{
  message: 'Application  listening on port 5173',
  level: 'info',
  label: 'PING',
  timestamp: '2024-03-21T09:38:01.121Z'
}
{
  message: '🛢   Database is connected successfully',
  level: 'info',
  label: 'PING',
  timestamp: '2024-03-21T09:38:05.875Z'
}
{
  message: '🛢   Database is connected successfully',
  level: 'info',
  label: 'PING',
  timestamp: '2024-03-21T09:38:19.193Z'
}
{
  message: 'Application  listening on port 5173',
  level: 'info',
  label: 'PING',
  timestamp: '2024-03-21T09:38:19.204Z'
}
{
  message: '🛢   Database is connected successfully',
  level: 'info',
  label: 'PING',
  timestamp: '2024-03-21T09:38:30.978Z'
}
{
  message: 'Application  listening on port 5173',
  level: 'info',
  label: 'PING',
  timestamp: '2024-03-21T09:38:30.991Z'
}
{
  message: '🛢   Database is connected successfully',
  level: 'info',
  label: 'PING',
  timestamp: '2024-03-21T09:38:36.237Z'
}
{
  message: 'Application  listening on port 5173',
  level: 'info',
  label: 'PING',
  timestamp: '2024-03-21T09:38:36.253Z'
}
{
  message: '🛢   Database is connected successfully',
  level: 'info',
  label: 'PING',
  timestamp: '2024-03-21T09:39:41.023Z'
}
{
  message: 'Application  listening on port 5173',
  level: 'info',
  label: 'PING',
  timestamp: '2024-03-21T09:39:41.031Z'
}
{
  message: '🛢   Database is connected successfully',
  level: 'info',
  label: 'PING',
  timestamp: '2024-03-21T09:39:48.497Z'
}
{
  message: 'Application  listening on port 5173',
  level: 'info',
  label: 'PING',
  timestamp: '2024-03-21T09:39:48.513Z'
}
{
  message: '🛢   Database is connected successfully',
  level: 'info',
  label: 'PING',
  timestamp: '2024-03-21T09:40:02.063Z'
}
{
  message: '🛢   Database is connected successfully',
  level: 'info',
  label: 'PING',
  timestamp: '2024-03-21T09:40:03.989Z'
}
{
  message: '🛢   Database is connected successfully',
  level: 'info',
  label: 'PING',
  timestamp: '2024-03-21T09:40:06.791Z'
}
{
  message: 'Application  listening on port 5173',
  level: 'info',
  label: 'PING',
  timestamp: '2024-03-21T09:40:06.806Z'
}
{
  message: '🛢   Database is connected successfully',
  level: 'info',
  label: 'PING',
  timestamp: '2024-03-21T09:40:37.427Z'
}
{
  message: 'Application  listening on port 5173',
  level: 'info',
  label: 'PING',
  timestamp: '2024-03-21T09:40:37.451Z'
}
{
  message: '🛢   Database is connected successfully',
  level: 'info',
  label: 'PING',
  timestamp: '2024-03-21T09:40:51.246Z'
}
{
  message: 'Application  listening on port 5173',
  level: 'info',
  label: 'PING',
  timestamp: '2024-03-21T09:40:51.275Z'
}
{
  message: '🛢   Database is connected successfully',
  level: 'info',
  label: 'PING',
  timestamp: '2024-03-21T09:40:53.895Z'
}
{
  message: 'Application  listening on port 5173',
  level: 'info',
  label: 'PING',
  timestamp: '2024-03-21T09:40:53.908Z'
}
{
  message: '🛢   Database is connected successfully',
  level: 'info',
  label: 'PING',
  timestamp: '2024-03-21T09:40:58.193Z'
}
{
  message: 'Application  listening on port 5173',
  level: 'info',
  label: 'PING',
  timestamp: '2024-03-21T09:40:58.211Z'
}
{
  message: '🛢   Database is connected successfully',
  level: 'info',
  label: 'PING',
  timestamp: '2024-03-21T09:40:59.748Z'
}
{
  message: 'Application  listening on port 5173',
  level: 'info',
  label: 'PING',
  timestamp: '2024-03-21T09:40:59.766Z'
}
{
  message: '🛢   Database is connected successfully',
  level: 'info',
  label: 'PING',
  timestamp: '2024-03-21T09:41:17.482Z'
}
{
  message: 'Application  listening on port 5173',
  level: 'info',
  label: 'PING',
  timestamp: '2024-03-21T09:41:17.495Z'
}
{
  message: '🛢   Database is connected successfully',
  level: 'info',
  label: 'PING',
  timestamp: '2024-03-21T09:41:20.313Z'
}
{
  message: 'Application  listening on port 5173',
  level: 'info',
  label: 'PING',
  timestamp: '2024-03-21T09:41:20.321Z'
}
{
  message: '🛢   Database is connected successfully',
  level: 'info',
  label: 'PING',
  timestamp: '2024-03-21T09:41:37.193Z'
}
{
  message: 'Application  listening on port 5173',
  level: 'info',
  label: 'PING',
  timestamp: '2024-03-21T09:41:37.207Z'
}
{
  message: '🛢   Database is connected successfully',
  level: 'info',
  label: 'PING',
  timestamp: '2024-03-21T09:42:00.051Z'
}
{
  message: 'Application  listening on port 5173',
  level: 'info',
  label: 'PING',
  timestamp: '2024-03-21T09:42:00.066Z'
}
{
  message: '🛢   Database is connected successfully',
  level: 'info',
  label: 'PING',
  timestamp: '2024-03-21T09:42:03.392Z'
}
{
  message: 'Application  listening on port 5173',
  level: 'info',
  label: 'PING',
  timestamp: '2024-03-21T09:42:03.413Z'
}
{
  message: '🛢   Database is connected successfully',
  level: 'info',
  label: 'PING',
  timestamp: '2024-03-21T09:42:12.421Z'
}
{
  message: 'Application  listening on port 5173',
  level: 'info',
  label: 'PING',
  timestamp: '2024-03-21T09:42:12.438Z'
}
{
  message: '🛢   Database is connected successfully',
  level: 'info',
  label: 'PING',
  timestamp: '2024-03-21T09:44:56.030Z'
}
{
  message: 'Application  listening on port 5173',
  level: 'info',
  label: 'PING',
  timestamp: '2024-03-21T09:44:56.042Z'
}
{
  message: '🛢   Database is connected successfully',
  level: 'info',
  label: 'PING',
  timestamp: '2024-03-21T09:45:02.122Z'
}
{
  message: 'Application  listening on port 5173',
  level: 'info',
  label: 'PING',
  timestamp: '2024-03-21T09:45:02.135Z'
}
{
  message: '🛢   Database is connected successfully',
  level: 'info',
  label: 'PING',
  timestamp: '2024-03-21T09:45:08.696Z'
}
{
  message: 'Application  listening on port 5173',
  level: 'info',
  label: 'PING',
  timestamp: '2024-03-21T09:45:08.703Z'
}
{
  message: '🛢   Database is connected successfully',
  level: 'info',
  label: 'PING',
  timestamp: '2024-03-21T09:45:17.171Z'
}
{
  message: 'Application  listening on port 5173',
  level: 'info',
  label: 'PING',
  timestamp: '2024-03-21T09:45:17.179Z'
}
{
  message: '🛢   Database is connected successfully',
  level: 'info',
  label: 'PING',
  timestamp: '2024-03-21T09:45:52.216Z'
}
{
  message: 'Application  listening on port 5173',
  level: 'info',
  label: 'PING',
  timestamp: '2024-03-21T09:45:52.244Z'
}
{
  message: '   Database is connected successfully',
  level: 'info',
  label: 'PING',
  timestamp: '2024-03-21T09:46:29.705Z'
}
{
  message: 'Application  listening on port 5173',
  level: 'info',
  label: 'PING',
  timestamp: '2024-03-21T09:46:29.726Z'
}
{
  message: '🛢   Database is connected successfully',
  level: 'info',
  label: 'PING',
  timestamp: '2024-03-21T09:46:32.134Z'
}
{
  message: 'Application  listening on port 5173',
  level: 'info',
  label: 'PING',
  timestamp: '2024-03-21T09:46:32.153Z'
}
{
  message: '🛢   Database is connected successfully',
  level: 'info',
  label: 'PING',
  timestamp: '2024-03-21T09:48:25.013Z'
}
{
  message: 'Application  listening on port 5173',
  level: 'info',
  label: 'PING',
  timestamp: '2024-03-21T09:48:25.024Z'
}
{
  message: '🛢   Database is connected successfully',
  level: 'info',
  label: 'PING',
  timestamp: '2024-03-21T09:48:30.193Z'
}
{
  message: 'Application  listening on port 5173',
  level: 'info',
  label: 'PING',
  timestamp: '2024-03-21T09:48:30.202Z'
}
{
  message: '🛢   Database is connected successfully',
  level: 'info',
  label: 'PING',
  timestamp: '2024-03-21T09:48:49.924Z'
}
{
  message: 'Application  listening on port 5173',
  level: 'info',
  label: 'PING',
  timestamp: '2024-03-21T09:48:49.947Z'
}
{
  message: '🛢   Database is connected successfully',
  level: 'info',
  label: 'PING',
  timestamp: '2024-03-21T09:49:38.608Z'
}
{
  message: 'Application  listening on port 5173',
  level: 'info',
  label: 'PING',
  timestamp: '2024-03-21T09:49:38.626Z'
}
{
  message: '🛢   Database is connected successfully',
  level: 'info',
  label: 'PING',
  timestamp: '2024-03-21T09:49:45.950Z'
}
{
  message: 'Application  listening on port 5173',
  level: 'info',
  label: 'PING',
  timestamp: '2024-03-21T09:49:45.972Z'
}
{
  message: '🛢   Database is connected successfully',
  level: 'info',
  label: 'PING',
  timestamp: '2024-03-21T09:49:51.521Z'
}
{
  message: 'Application  listening on port 5173',
  level: 'info',
  label: 'PING',
  timestamp: '2024-03-21T09:49:51.535Z'
}
{
  message: '🛢   Database is connected successfully',
  level: 'info',
  label: 'PING',
  timestamp: '2024-03-21T09:50:08.017Z'
}
{
  message: 'Application  listening on port 5173',
  level: 'info',
  label: 'PING',
  timestamp: '2024-03-21T09:50:08.038Z'
}
{
  message: '🛢   Database is connected successfully',
  level: 'info',
  label: 'PING',
  timestamp: '2024-03-21T09:50:10.316Z'
}
{
  message: 'Application  listening on port 5173',
  level: 'info',
  label: 'PING',
  timestamp: '2024-03-21T09:50:10.343Z'
}
{
  message: '🛢   Database is connected successfully',
  level: 'info',
  label: 'PING',
  timestamp: '2024-03-21T09:50:14.159Z'
}
{
  message: 'Application  listening on port 5173',
  level: 'info',
  label: 'PING',
  timestamp: '2024-03-21T09:50:14.166Z'
}
{
  message: '🛢   Database is connected successfully',
  level: 'info',
  label: 'PING',
  timestamp: '2024-03-21T09:50:23.167Z'
}
{
  message: 'Application  listening on port 5173',
  level: 'info',
  label: 'PING',
  timestamp: '2024-03-21T09:50:23.180Z'
}
{
  message: '🛢   Database is connected successfully',
  level: 'info',
  label: 'PING',
  timestamp: '2024-03-21T09:53:05.444Z'
}
{
  message: 'Application  listening on port 5173',
  level: 'info',
  label: 'PING',
  timestamp: '2024-03-21T09:53:05.472Z'
}
{
  message: '🛢   Database is connected successfully',
  level: 'info',
  label: 'PING',
  timestamp: '2024-03-21T09:54:35.157Z'
}
{
  message: 'Application  listening on port 5173',
  level: 'info',
  label: 'PING',
  timestamp: '2024-03-21T09:54:35.174Z'
}
{
  message: '🛢   Database is connected successfully',
  level: 'info',
  label: 'PING',
  timestamp: '2024-03-21T09:57:42.023Z'
}
{
  message: 'Application  listening on port 5173',
  level: 'info',
  label: 'PING',
  timestamp: '2024-03-21T09:57:42.030Z'
}
{
  message: '🛢   Database is connected successfully',
  level: 'info',
  label: 'PING',
  timestamp: '2024-03-21T09:58:20.922Z'
}
{
  message: 'Application  listening on port 5173',
  level: 'info',
  label: 'PING',
  timestamp: '2024-03-21T09:58:20.935Z'
}
{
  message: '🛢   Database is connected successfully',
  level: 'info',
  label: 'PING',
  timestamp: '2024-03-21T09:58:35.236Z'
}
{
  message: 'Application  listening on port 5173',
  level: 'info',
  label: 'PING',
  timestamp: '2024-03-21T09:58:35.250Z'
}
{
  message: '🛢   Database is connected successfully',
  level: 'info',
  label: 'PING',
  timestamp: '2024-03-21T09:58:41.494Z'
}
{
  message: 'Application  listening on port 5173',
  level: 'info',
  label: 'PING',
  timestamp: '2024-03-21T09:58:41.521Z'
}
{
  message: '🛢   Database is connected successfully',
  level: 'info',
  label: 'PING',
  timestamp: '2024-03-21T09:59:11.053Z'
}
{
  message: 'Application  listening on port 5173',
  level: 'info',
  label: 'PING',
  timestamp: '2024-03-21T09:59:11.076Z'
}
{
  message: '🛢   Database is connected successfully',
  level: 'info',
  label: 'PING',
  timestamp: '2024-03-21T09:59:39.094Z'
}
{
  message: 'Application  listening on port 5173',
  level: 'info',
  label: 'PING',
  timestamp: '2024-03-21T09:59:39.110Z'
}
{
  message: '🛢   Database is connected successfully',
  level: 'info',
  label: 'PING',
  timestamp: '2024-03-21T09:59:41.588Z'
}
{
  message: 'Application  listening on port 5173',
  level: 'info',
  label: 'PING',
  timestamp: '2024-03-21T09:59:41.618Z'
}
