{
  message: '🛢   Database is connected successfully',
  level: 'info',
  label: 'PING',
  timestamp: '2024-03-26T09:27:45.854Z'
}
{
  message: 'Application  listening on port 5173',
  level: 'info',
  label: 'PING',
  timestamp: '2024-03-26T09:27:45.872Z'
}
{
  message: '🛢   Database is connected successfully',
  level: 'info',
  label: 'PING',
  timestamp: '2024-03-26T09:30:40.387Z'
}
{
  message: 'Application  listening on port 5173',
  level: 'info',
  label: 'PING',
  timestamp: '2024-03-26T09:30:40.394Z'
}
{
  message: '🛢   Database is connected successfully',
  level: 'info',
  label: 'PING',
  timestamp: '2024-03-26T09:31:34.317Z'
}
{
  message: 'Application  listening on port 5173',
  level: 'info',
  label: 'PING',
  timestamp: '2024-03-26T09:31:34.336Z'
}
{
  message: '🛢   Database is connected successfully',
  level: 'info',
  label: 'PING',
  timestamp: '2024-03-26T09:32:18.040Z'
}
{
  message: 'Application  listening on port 5173',
  level: 'info',
  label: 'PING',
  timestamp: '2024-03-26T09:32:18.063Z'
}
{
  message: '🛢   Database is connected successfully',
  level: 'info',
  label: 'PING',
  timestamp: '2024-03-26T09:54:18.901Z'
}
{
  message: 'Application  listening on port 5173',
  level: 'info',
  label: 'PING',
  timestamp: '2024-03-26T09:54:18.916Z'
}
{
  message: '🛢   Database is connected successfully',
  level: 'info',
  label: 'PING',
  timestamp: '2024-03-26T09:54:21.980Z'
}
{
  message: 'Application  listening on port 5173',
  level: 'info',
  label: 'PING',
  timestamp: '2024-03-26T09:54:21.993Z'
}
{
  message: '🛢   Database is connected successfully',
  level: 'info',
  label: 'PING',
  timestamp: '2024-03-26T09:54:26.952Z'
}
{
  message: 'Application  listening on port 5173',
  level: 'info',
  label: 'PING',
  timestamp: '2024-03-26T09:54:26.962Z'
}
{
  message: '🛢   Database is connected successfully',
  level: 'info',
  label: 'PING',
  timestamp: '2024-03-26T09:54:29.883Z'
}
{
  message: 'Application  listening on port 5173',
  level: 'info',
  label: 'PING',
  timestamp: '2024-03-26T09:54:29.902Z'
}
{
  message: '🛢   Database is connected successfully',
  level: 'info',
  label: 'PING',
  timestamp: '2024-03-26T09:54:34.682Z'
}
{
  message: 'Application  listening on port 5173',
  level: 'info',
  label: 'PING',
  timestamp: '2024-03-26T09:54:34.697Z'
}
{
  message: '🛢   Database is connected successfully',
  level: 'info',
  label: 'PING',
  timestamp: '2024-03-26T09:54:57.204Z'
}
{
  message: 'Application  listening on port 5173',
  level: 'info',
  label: 'PING',
  timestamp: '2024-03-26T09:54:57.223Z'
}
{
  message: '🛢   Database is connected successfully',
  level: 'info',
  label: 'PING',
  timestamp: '2024-03-26T09:56:59.294Z'
}
{
  message: 'Application  listening on port 5173',
  level: 'info',
  label: 'PING',
  timestamp: '2024-03-26T09:56:59.301Z'
}
{
  message: '🛢   Database is connected successfully',
  level: 'info',
  label: 'PING',
  timestamp: '2024-03-26T09:57:01.161Z'
}
{
  message: 'Application  listening on port 5173',
  level: 'info',
  label: 'PING',
  timestamp: '2024-03-26T09:57:01.167Z'
}
