{
  message: '🛢   Database is connected successfully',
  level: 'info',
  label: 'PING',
  timestamp: '2024-03-21T18:00:04.300Z'
}
{
  message: 'Application  listening on port 5173',
  level: 'info',
  label: 'PING',
  timestamp: '2024-03-21T18:00:04.312Z'
}
{
  message: '🛢   Database is connected successfully',
  level: 'info',
  label: 'PING',
  timestamp: '2024-03-21T18:00:06.107Z'
}
{
  message: 'Application  listening on port 5173',
  level: 'info',
  label: 'PING',
  timestamp: '2024-03-21T18:00:06.132Z'
}
{
  message: '🛢   Database is connected successfully',
  level: 'info',
  label: 'PING',
  timestamp: '2024-03-21T18:00:13.513Z'
}
{
  message: 'Application  listening on port 5173',
  level: 'info',
  label: 'PING',
  timestamp: '2024-03-21T18:00:13.525Z'
}
{
  message: '🛢   Database is connected successfully',
  level: 'info',
  label: 'PING',
  timestamp: '2024-03-21T18:00:34.006Z'
}
{
  message: 'Application  listening on port 5173',
  level: 'info',
  label: 'PING',
  timestamp: '2024-03-21T18:00:34.018Z'
}
{
  message: '🛢   Database is connected successfully',
  level: 'info',
  label: 'PING',
  timestamp: '2024-03-21T18:00:55.258Z'
}
{
  message: 'Application  listening on port 5173',
  level: 'info',
  label: 'PING',
  timestamp: '2024-03-21T18:00:55.275Z'
}
{
  message: '🛢   Database is connected successfully',
  level: 'info',
  label: 'PING',
  timestamp: '2024-03-21T18:01:43.093Z'
}
{
  message: 'Application  listening on port 5173',
  level: 'info',
  label: 'PING',
  timestamp: '2024-03-21T18:01:43.113Z'
}
{
  message: '🛢   Database is connected successfully',
  level: 'info',
  label: 'PING',
  timestamp: '2024-03-21T18:01:45.178Z'
}
{
  message: 'Application  listening on port 5173',
  level: 'info',
  label: 'PING',
  timestamp: '2024-03-21T18:01:45.187Z'
}
{
  message: '🛢   Database is connected successfully',
  level: 'info',
  label: 'PING',
  timestamp: '2024-03-21T18:02:52.037Z'
}
{
  message: 'Application  listening on port 5173',
  level: 'info',
  label: 'PING',
  timestamp: '2024-03-21T18:02:52.058Z'
}
{
  message: '🛢   Database is connected successfully',
  level: 'info',
  label: 'PING',
  timestamp: '2024-03-21T18:02:55.855Z'
}
{
  message: 'Application  listening on port 5173',
  level: 'info',
  label: 'PING',
  timestamp: '2024-03-21T18:02:55.861Z'
}
{
  message: '🛢   Database is connected successfully',
  level: 'info',
  label: 'PING',
  timestamp: '2024-03-21T18:03:54.945Z'
}
{
  message: 'Application  listening on port 5173',
  level: 'info',
  label: 'PING',
  timestamp: '2024-03-21T18:03:54.953Z'
}
{
  message: '🛢   Database is connected successfully',
  level: 'info',
  label: 'PING',
  timestamp: '2024-03-21T18:04:09.147Z'
}
{
  message: 'Application  listening on port 5173',
  level: 'info',
  label: 'PING',
  timestamp: '2024-03-21T18:04:09.154Z'
}
{
  message: '🛢   Database is connected successfully',
  level: 'info',
  label: 'PING',
  timestamp: '2024-03-21T18:04:17.517Z'
}
{
  message: 'Application  listening on port 5173',
  level: 'info',
  label: 'PING',
  timestamp: '2024-03-21T18:04:17.531Z'
}
{
  message: '🛢   Database is connected successfully',
  level: 'info',
  label: 'PING',
  timestamp: '2024-03-21T18:04:21.195Z'
}
{
  message: 'Application  listening on port 5173',
  level: 'info',
  label: 'PING',
  timestamp: '2024-03-21T18:04:21.212Z'
}
{
  message: '🛢   Database is connected successfully',
  level: 'info',
  label: 'PING',
  timestamp: '2024-03-21T18:04:46.104Z'
}
{
  message: 'Application  listening on port 5173',
  level: 'info',
  label: 'PING',
  timestamp: '2024-03-21T18:04:46.119Z'
}
{
  message: '🛢   Database is connected successfully',
  level: 'info',
  label: 'PING',
  timestamp: '2024-03-21T18:04:59.281Z'
}
{
  message: 'Application  listening on port 5173',
  level: 'info',
  label: 'PING',
  timestamp: '2024-03-21T18:04:59.295Z'
}
{
  message: '🛢   Database is connected successfully',
  level: 'info',
  label: 'PING',
  timestamp: '2024-03-21T18:05:10.766Z'
}
{
  message: 'Application  listening on port 5173',
  level: 'info',
  label: 'PING',
  timestamp: '2024-03-21T18:05:10.774Z'
}
{
  message: '🛢   Database is connected successfully',
  level: 'info',
  label: 'PING',
  timestamp: '2024-03-21T18:05:38.059Z'
}
{
  message: 'Application  listening on port 5173',
  level: 'info',
  label: 'PING',
  timestamp: '2024-03-21T18:05:38.069Z'
}
{
  message: '🛢   Database is connected successfully',
  level: 'info',
  label: 'PING',
  timestamp: '2024-03-21T18:05:48.718Z'
}
{
  message: 'Application  listening on port 5173',
  level: 'info',
  label: 'PING',
  timestamp: '2024-03-21T18:05:48.726Z'
}
{
  message: '🛢   Database is connected successfully',
  level: 'info',
  label: 'PING',
  timestamp: '2024-03-21T18:07:35.540Z'
}
{
  message: 'Application  listening on port 5173',
  level: 'info',
  label: 'PING',
  timestamp: '2024-03-21T18:07:35.553Z'
}
{
  message: '🛢   Database is connected successfully',
  level: 'info',
  label: 'PING',
  timestamp: '2024-03-21T18:07:46.746Z'
}
{
  message: 'Application  listening on port 5173',
  level: 'info',
  label: 'PING',
  timestamp: '2024-03-21T18:07:46.755Z'
}
{
  message: '🛢   Database is connected successfully',
  level: 'info',
  label: 'PING',
  timestamp: '2024-03-21T18:08:01.930Z'
}
{
  message: '🛢   Database is connected successfully',
  level: 'info',
  label: 'PING',
  timestamp: '2024-03-21T18:08:03.406Z'
}
{
  message: 'Application  listening on port 5173',
  level: 'info',
  label: 'PING',
  timestamp: '2024-03-21T18:08:03.433Z'
}
{
  message: '🛢   Database is connected successfully',
  level: 'info',
  label: 'PING',
  timestamp: '2024-03-21T18:08:04.909Z'
}
{
  message: 'Application  listening on port 5173',
  level: 'info',
  label: 'PING',
  timestamp: '2024-03-21T18:08:04.917Z'
}
{
  message: '🛢   Database is connected successfully',
  level: 'info',
  label: 'PING',
  timestamp: '2024-03-21T18:08:11.833Z'
}
{
  message: 'Application  listening on port 5173',
  level: 'info',
  label: 'PING',
  timestamp: '2024-03-21T18:08:11.839Z'
}
{
  message: '🛢   Database is connected successfully',
  level: 'info',
  label: 'PING',
  timestamp: '2024-03-21T18:08:22.098Z'
}
{
  message: 'Application  listening on port 5173',
  level: 'info',
  label: 'PING',
  timestamp: '2024-03-21T18:08:22.107Z'
}
{
  message: '🛢   Database is connected successfully',
  level: 'info',
  label: 'PING',
  timestamp: '2024-03-21T18:08:33.357Z'
}
{
  message: 'Application  listening on port 5173',
  level: 'info',
  label: 'PING',
  timestamp: '2024-03-21T18:08:33.365Z'
}
{
  message: '🛢   Database is connected successfully',
  level: 'info',
  label: 'PING',
  timestamp: '2024-03-21T18:09:04.120Z'
}
{
  message: 'Application  listening on port 5173',
  level: 'info',
  label: 'PING',
  timestamp: '2024-03-21T18:09:04.132Z'
}
{
  message: '🛢   Database is connected successfully',
  level: 'info',
  label: 'PING',
  timestamp: '2024-03-21T18:09:48.176Z'
}
{
  message: 'Application  listening on port 5173',
  level: 'info',
  label: 'PING',
  timestamp: '2024-03-21T18:09:48.206Z'
}
{
  message: '🛢   Database is connected successfully',
  level: 'info',
  label: 'PING',
  timestamp: '2024-03-21T18:18:11.961Z'
}
{
  message: 'Application  listening on port 5173',
  level: 'info',
  label: 'PING',
  timestamp: '2024-03-21T18:18:11.973Z'
}
{
  message: '🛢   Database is connected successfully',
  level: 'info',
  label: 'PING',
  timestamp: '2024-03-21T18:20:21.122Z'
}
{
  message: 'Application  listening on port 5173',
  level: 'info',
  label: 'PING',
  timestamp: '2024-03-21T18:20:21.133Z'
}
{
  message: '🛢   Database is connected successfully',
  level: 'info',
  label: 'PING',
  timestamp: '2024-03-21T18:20:36.734Z'
}
{
  message: 'Application  listening on port 5173',
  level: 'info',
  label: 'PING',
  timestamp: '2024-03-21T18:20:36.749Z'
}
{
  message: '🛢   Database is connected successfully',
  level: 'info',
  label: 'PING',
  timestamp: '2024-03-21T18:20:46.201Z'
}
{
  message: 'Application  listening on port 5173',
  level: 'info',
  label: 'PING',
  timestamp: '2024-03-21T18:20:46.216Z'
}
{
  message: '🛢   Database is connected successfully',
  level: 'info',
  label: 'PING',
  timestamp: '2024-03-21T18:20:48.104Z'
}
{
  message: 'Application  listening on port 5173',
  level: 'info',
  label: 'PING',
  timestamp: '2024-03-21T18:20:48.135Z'
}
{
  message: '🛢   Database is connected successfully',
  level: 'info',
  label: 'PING',
  timestamp: '2024-03-21T18:22:30.645Z'
}
{
  message: 'Application  listening on port 5173',
  level: 'info',
  label: 'PING',
  timestamp: '2024-03-21T18:22:30.657Z'
}
{
  message: '🛢   Database is connected successfully',
  level: 'info',
  label: 'PING',
  timestamp: '2024-03-21T18:26:44.880Z'
}
{
  message: 'Application  listening on port 5173',
  level: 'info',
  label: 'PING',
  timestamp: '2024-03-21T18:26:44.901Z'
}
{
  message: '🛢   Database is connected successfully',
  level: 'info',
  label: 'PING',
  timestamp: '2024-03-21T18:26:47.541Z'
}
{
  message: 'Application  listening on port 5173',
  level: 'info',
  label: 'PING',
  timestamp: '2024-03-21T18:26:47.554Z'
}
{
  message: '🛢   Database is connected successfully',
  level: 'info',
  label: 'PING',
  timestamp: '2024-03-21T18:26:55.003Z'
}
{
  message: 'Application  listening on port 5173',
  level: 'info',
  label: 'PING',
  timestamp: '2024-03-21T18:26:55.015Z'
}
{
  message: '🛢   Database is connected successfully',
  level: 'info',
  label: 'PING',
  timestamp: '2024-03-21T18:27:34.928Z'
}
{
  message: 'Application  listening on port 5173',
  level: 'info',
  label: 'PING',
  timestamp: '2024-03-21T18:27:34.953Z'
}
{
  message: '🛢   Database is connected successfully',
  level: 'info',
  label: 'PING',
  timestamp: '2024-03-21T18:27:37.163Z'
}
{
  message: 'Application  listening on port 5173',
  level: 'info',
  label: 'PING',
  timestamp: '2024-03-21T18:27:37.182Z'
}
{
  message: '🛢   Database is connected successfully',
  level: 'info',
  label: 'PING',
  timestamp: '2024-03-21T18:27:38.642Z'
}
{
  message: 'Application  listening on port 5173',
  level: 'info',
  label: 'PING',
  timestamp: '2024-03-21T18:27:38.660Z'
}
{
  message: '🛢   Database is connected successfully',
  level: 'info',
  label: 'PING',
  timestamp: '2024-03-21T18:28:08.920Z'
}
{
  message: 'Application  listening on port 5173',
  level: 'info',
  label: 'PING',
  timestamp: '2024-03-21T18:28:08.943Z'
}
{
  message: '🛢   Database is connected successfully',
  level: 'info',
  label: 'PING',
  timestamp: '2024-03-21T18:30:07.503Z'
}
{
  message: 'Application  listening on port 5173',
  level: 'info',
  label: 'PING',
  timestamp: '2024-03-21T18:30:07.519Z'
}
{
  message: '🛢   Database is connected successfully',
  level: 'info',
  label: 'PING',
  timestamp: '2024-03-21T18:31:13.090Z'
}
{
  message: 'Application  listening on port 5173',
  level: 'info',
  label: 'PING',
  timestamp: '2024-03-21T18:31:13.098Z'
}
{
  message: '🛢   Database is connected successfully',
  level: 'info',
  label: 'PING',
  timestamp: '2024-03-21T18:31:16.313Z'
}
{
  message: 'Application  listening on port 5173',
  level: 'info',
  label: 'PING',
  timestamp: '2024-03-21T18:31:16.331Z'
}
{
  message: '🛢   Database is connected successfully',
  level: 'info',
  label: 'PING',
  timestamp: '2024-03-21T18:31:18.695Z'
}
{
  message: 'Application  listening on port 5173',
  level: 'info',
  label: 'PING',
  timestamp: '2024-03-21T18:31:18.701Z'
}
{
  message: '🛢   Database is connected successfully',
  level: 'info',
  label: 'PING',
  timestamp: '2024-03-21T18:31:56.666Z'
}
{
  message: 'Application  listening on port 5173',
  level: 'info',
  label: 'PING',
  timestamp: '2024-03-21T18:31:56.687Z'
}
{
  message: '🛢   Database is connected successfully',
  level: 'info',
  label: 'PING',
  timestamp: '2024-03-21T18:32:27.067Z'
}
{
  message: 'Application  listening on port 5173',
  level: 'info',
  label: 'PING',
  timestamp: '2024-03-21T18:32:27.078Z'
}
{
  message: '🛢   Database is connected successfully',
  level: 'info',
  label: 'PING',
  timestamp: '2024-03-21T18:32:41.746Z'
}
{
  message: 'Application  listening on port 5173',
  level: 'info',
  label: 'PING',
  timestamp: '2024-03-21T18:32:41.753Z'
}
{
  message: '🛢   Database is connected successfully',
  level: 'info',
  label: 'PING',
  timestamp: '2024-03-21T18:35:58.560Z'
}
{
  message: 'Application  listening on port 5173',
  level: 'info',
  label: 'PING',
  timestamp: '2024-03-21T18:35:58.574Z'
}
{
  message: '🛢   Database is connected successfully',
  level: 'info',
  label: 'PING',
  timestamp: '2024-03-21T18:55:48.821Z'
}
{
  message: 'Application  listening on port 5173',
  level: 'info',
  label: 'PING',
  timestamp: '2024-03-21T18:55:48.838Z'
}
{
  message: '🛢   Database is connected successfully',
  level: 'info',
  label: 'PING',
  timestamp: '2024-03-21T18:55:54.555Z'
}
{
  message: 'Application  listening on port 5173',
  level: 'info',
  label: 'PING',
  timestamp: '2024-03-21T18:55:54.571Z'
}
{
  message: '🛢   Database is connected successfully',
  level: 'info',
  label: 'PING',
  timestamp: '2024-03-21T18:56:53.118Z'
}
{
  message: 'Application  listening on port 5173',
  level: 'info',
  label: 'PING',
  timestamp: '2024-03-21T18:56:53.126Z'
}
{
  message: '🛢   Database is connected successfully',
  level: 'info',
  label: 'PING',
  timestamp: '2024-03-21T18:57:06.334Z'
}
{
  message: 'Application  listening on port 5173',
  level: 'info',
  label: 'PING',
  timestamp: '2024-03-21T18:57:06.357Z'
}
{
  message: '🛢   Database is connected successfully',
  level: 'info',
  label: 'PING',
  timestamp: '2024-03-21T18:57:38.550Z'
}
{
  message: 'Application  listening on port 5173',
  level: 'info',
  label: 'PING',
  timestamp: '2024-03-21T18:57:38.567Z'
}
{
  message: '🛢   Database is connected successfully',
  level: 'info',
  label: 'PING',
  timestamp: '2024-03-21T18:58:02.199Z'
}
{
  message: 'Application  listening on port 5173',
  level: 'info',
  label: 'PING',
  timestamp: '2024-03-21T18:58:02.215Z'
}
{
  message: '🛢   Database is connected successfully',
  level: 'info',
  label: 'PING',
  timestamp: '2024-03-21T18:58:33.474Z'
}
{
  message: 'Application  listening on port 5173',
  level: 'info',
  label: 'PING',
  timestamp: '2024-03-21T18:58:33.487Z'
}
{
  message: '🛢   Database is connected successfully',
  level: 'info',
  label: 'PING',
  timestamp: '2024-03-21T18:58:36.258Z'
}
{
  message: 'Application  listening on port 5173',
  level: 'info',
  label: 'PING',
  timestamp: '2024-03-21T18:58:36.273Z'
}
{
  message: '🛢   Database is connected successfully',
  level: 'info',
  label: 'PING',
  timestamp: '2024-03-21T18:58:48.612Z'
}
{
  message: 'Application  listening on port 5173',
  level: 'info',
  label: 'PING',
  timestamp: '2024-03-21T18:58:48.625Z'
}
{
  message: '🛢   Database is connected successfully',
  level: 'info',
  label: 'PING',
  timestamp: '2024-03-21T18:59:14.317Z'
}
{
  message: 'Application  listening on port 5173',
  level: 'info',
  label: 'PING',
  timestamp: '2024-03-21T18:59:14.325Z'
}
